<?xml version="1.0" encoding="UTF-8"?>
<testng-results ignored="0" total="2" passed="2" failed="0" skipped="0">
  <reporter-output>
  </reporter-output>
  <suite started-at="2022-03-14T23:26:06 IST" name="Default suite" finished-at="2022-03-14T23:26:45 IST" duration-ms="39056">
    <groups>
    </groups>
    <test started-at="2022-03-14T23:26:06 IST" name="Default test" finished-at="2022-03-14T23:26:45 IST" duration-ms="39056">
      <class name="com.selenium.Medicare">
        <test-method is-config="true" signature="begin()[pri:0, instance:com.selenium.Medicare@4944252c]" started-at="2022-03-14T23:26:06 IST" name="begin" finished-at="2022-03-14T23:26:08 IST" duration-ms="2121" status="PASS">
          <reporter-output>
          </reporter-output>
        </test-method> <!-- begin -->
        <test-method signature="testMedicareAdmin()[pri:49, instance:com.selenium.Medicare@4944252c]" started-at="2022-03-14T23:26:08 IST" name="testMedicareAdmin" finished-at="2022-03-14T23:26:20 IST" duration-ms="11851" status="PASS">
          <reporter-output>
          </reporter-output>
        </test-method> <!-- testMedicareAdmin -->
        <test-method is-config="true" signature="end()[pri:0, instance:com.selenium.Medicare@4944252c]" started-at="2022-03-14T23:26:20 IST" name="end" finished-at="2022-03-14T23:26:23 IST" duration-ms="2700" status="PASS">
          <reporter-output>
          </reporter-output>
        </test-method> <!-- end -->
        <test-method is-config="true" signature="begin()[pri:0, instance:com.selenium.Medicare@4944252c]" started-at="2022-03-14T23:26:23 IST" name="begin" finished-at="2022-03-14T23:26:24 IST" duration-ms="1496" status="PASS">
          <reporter-output>
          </reporter-output>
        </test-method> <!-- begin -->
        <test-method signature="testMedicareUser()[pri:50, instance:com.selenium.Medicare@4944252c]" started-at="2022-03-14T23:26:24 IST" name="testMedicareUser" finished-at="2022-03-14T23:26:42 IST" duration-ms="18110" status="PASS">
          <reporter-output>
          </reporter-output>
        </test-method> <!-- testMedicareUser -->
        <test-method is-config="true" signature="end()[pri:0, instance:com.selenium.Medicare@4944252c]" started-at="2022-03-14T23:26:42 IST" name="end" finished-at="2022-03-14T23:26:45 IST" duration-ms="2725" status="PASS">
          <reporter-output>
          </reporter-output>
        </test-method> <!-- end -->
      </class> <!-- com.selenium.Medicare -->
    </test> <!-- Default test -->
  </suite> <!-- Default suite -->
</testng-results>
